[debug] [2022-09-16T04:03:29.879Z] ----------------------------------------------------------------------
[debug] [2022-09-16T04:03:29.879Z] Command:       /usr/local/bin/node /usr/local/bin/firebase emulators:start
[debug] [2022-09-16T04:03:29.880Z] CLI Version:   10.1.2
[debug] [2022-09-16T04:03:29.880Z] Platform:      darwin
[debug] [2022-09-16T04:03:29.880Z] Node Version:  v18.6.0
[debug] [2022-09-16T04:03:29.883Z] Time:          Fri Sep 16 2022 12:03:29 GMT+0800 (Ulaanbaatar Standard Time)
[debug] [2022-09-16T04:03:29.883Z] ----------------------------------------------------------------------
[debug] 
[debug] [2022-09-16T04:03:29.909Z] > command requires scopes: ["email","openid","https://www.googleapis.com/auth/cloudplatformprojects.readonly","https://www.googleapis.com/auth/firebase","https://www.googleapis.com/auth/cloud-platform"]
[debug] [2022-09-16T04:03:29.909Z] > authorizing via signed-in user (tengis20040616@gmail.com)
[info] i  emulators: Starting emulators: functions, firestore {"metadata":{"emulator":{"name":"hub"},"message":"Starting emulators: functions, firestore"}}
[debug] [2022-09-16T04:03:29.921Z] [hub] writing locator at /var/folders/60/_xzq_fns7fdcrqymch2x3w6c0000h2/T/hub-test-beba8.json
[warn] ⚠  functions: The following emulators are not running, calls to these services from the Functions emulator will affect production: auth, database, hosting, pubsub, storage {"metadata":{"emulator":{"name":"functions"},"message":"The following emulators are not running, calls to these services from the Functions emulator will affect production: \u001b[1mauth, database, hosting, pubsub, storage\u001b[22m"}}
[warn] ⚠  Your requested "node" version "16" doesn't match your global version "18" {"metadata":{"emulator":{"name":"functions"},"message":"Your requested \"node\" version \"16\" doesn't match your global version \"18\""}}
[debug] [2022-09-16T04:03:29.957Z] defaultcredentials: writing to file /Users/tengis/.config/firebase/tengis20040616_gmail_com_application_default_credentials.json
[debug] [2022-09-16T04:03:29.959Z] Setting GAC to /Users/tengis/.config/firebase/tengis20040616_gmail_com_application_default_credentials.json {"metadata":{"emulator":{"name":"functions"},"message":"Setting GAC to /Users/tengis/.config/firebase/tengis20040616_gmail_com_application_default_credentials.json"}}
[debug] [2022-09-16T04:03:29.960Z] >>> [apiv2][query] GET https://firebase.googleapis.com/v1beta1/projects/test-beba8/adminSdkConfig [none]
[debug] [2022-09-16T04:03:30.696Z] <<< [apiv2][status] GET https://firebase.googleapis.com/v1beta1/projects/test-beba8/adminSdkConfig 200
[debug] [2022-09-16T04:03:30.696Z] <<< [apiv2][body] GET https://firebase.googleapis.com/v1beta1/projects/test-beba8/adminSdkConfig {"projectId":"test-beba8","storageBucket":"test-beba8.appspot.com","locationId":"asia-northeast2"}
[debug] [2022-09-16T04:03:30.726Z] Ignoring unsupported arg: projectId {"metadata":{"emulator":{"name":"firestore"},"message":"Ignoring unsupported arg: projectId"}}
[debug] [2022-09-16T04:03:30.727Z] Ignoring unsupported arg: auto_download {"metadata":{"emulator":{"name":"firestore"},"message":"Ignoring unsupported arg: auto_download"}}
[debug] [2022-09-16T04:03:30.727Z] Starting Firestore Emulator with command {"binary":"java","args":["-Dgoogle.cloud_firestore.debug_log_level=FINE","-Duser.language=en","-jar","/Users/tengis/.cache/firebase/emulators/cloud-firestore-emulator-v1.13.1.jar","--host","127.0.0.1","--port",8080,"--rules","/Users/tengis/Desktop/projects/cloud/firestore.rules","--functions_emulator","127.0.0.1:5001"],"optionalArgs":["port","webchannel_port","host","rules","functions_emulator","seed_from_export"],"joinArgs":false} {"metadata":{"emulator":{"name":"firestore"},"message":"Starting Firestore Emulator with command {\"binary\":\"java\",\"args\":[\"-Dgoogle.cloud_firestore.debug_log_level=FINE\",\"-Duser.language=en\",\"-jar\",\"/Users/tengis/.cache/firebase/emulators/cloud-firestore-emulator-v1.13.1.jar\",\"--host\",\"127.0.0.1\",\"--port\",8080,\"--rules\",\"/Users/tengis/Desktop/projects/cloud/firestore.rules\",\"--functions_emulator\",\"127.0.0.1:5001\"],\"optionalArgs\":[\"port\",\"webchannel_port\",\"host\",\"rules\",\"functions_emulator\",\"seed_from_export\"],\"joinArgs\":false}"}}
[info] i  firestore: Firestore Emulator logging to firestore-debug.log {"metadata":{"emulator":{"name":"firestore"},"message":"Firestore Emulator logging to \u001b[1mfirestore-debug.log\u001b[22m"}}
[debug] [2022-09-16T04:03:37.499Z] Sep 16, 2022 12:03:37 PM com.google.cloud.datastore.emulator.firestore.websocket.WebSocketServer start
INFO: Started WebSocket server on ws://127.0.0.1:49355
 {"metadata":{"emulator":{"name":"firestore"},"message":"Sep 16, 2022 12:03:37 PM com.google.cloud.datastore.emulator.firestore.websocket.WebSocketServer start\nINFO: Started WebSocket server on ws://127.0.0.1:49355\n"}}
[debug] [2022-09-16T04:03:37.568Z] API endpoint: http:// {"metadata":{"emulator":{"name":"firestore"},"message":"API endpoint: http://"}}
[debug] [2022-09-16T04:03:37.568Z] 127.0.0.1:8080
If you are using a library that supports the FIRESTORE_EMULATOR_HOST environment variable, run:

   export FIRESTORE_EMULATOR_HOST= {"metadata":{"emulator":{"name":"firestore"},"message":"127.0.0.1:8080\nIf you are using a library that supports the FIRESTORE_EMULATOR_HOST environment variable, run:\n\n   export FIRESTORE_EMULATOR_HOST="}}
[debug] [2022-09-16T04:03:37.569Z] 127.0.0.1:8080

Dev App Server is now running.

 {"metadata":{"emulator":{"name":"firestore"},"message":"127.0.0.1:8080\n\nDev App Server is now running.\n\n"}}
[debug] [2022-09-16T04:03:37.605Z] Ignoring unsupported arg: auto_download {"metadata":{"emulator":{"name":"ui"},"message":"Ignoring unsupported arg: auto_download"}}
[debug] [2022-09-16T04:03:37.606Z] Ignoring unsupported arg: port {"metadata":{"emulator":{"name":"ui"},"message":"Ignoring unsupported arg: port"}}
[debug] [2022-09-16T04:03:37.606Z] Starting Emulator UI with command {"binary":"node","args":["/Users/tengis/.cache/firebase/emulators/ui-v1.6.4/server.bundle.js"],"optionalArgs":[],"joinArgs":false} {"metadata":{"emulator":{"name":"ui"},"message":"Starting Emulator UI with command {\"binary\":\"node\",\"args\":[\"/Users/tengis/.cache/firebase/emulators/ui-v1.6.4/server.bundle.js\"],\"optionalArgs\":[],\"joinArgs\":false}"}}
[info] i  ui: Emulator UI logging to ui-debug.log {"metadata":{"emulator":{"name":"ui"},"message":"Emulator UI logging to \u001b[1mui-debug.log\u001b[22m"}}
[debug] [2022-09-16T04:03:37.672Z] Web / API server started at localhost:4000
 {"metadata":{"emulator":{"name":"ui"},"message":"Web / API server started at localhost:4000\n"}}
[info] i  functions: Watching "/Users/tengis/Desktop/projects/cloud/functions" for Cloud Functions... {"metadata":{"emulator":{"name":"functions"},"message":"Watching \"/Users/tengis/Desktop/projects/cloud/functions\" for Cloud Functions..."}}
[debug] [2022-09-16T04:03:37.882Z] [worker-pool] addWorker(~diagnostic~) {"metadata":{"emulator":{"name":"functions"},"message":"[worker-pool] addWorker(~diagnostic~)"}}
[debug] [2022-09-16T04:03:37.883Z] [worker-pool] Adding worker with key ~diagnostic~, total=1 {"metadata":{"emulator":{"name":"functions"},"message":"[worker-pool] Adding worker with key ~diagnostic~, total=1"}}
[debug] [2022-09-16T04:03:37.883Z] [worker-pool] submitWork(triggerId=) {"metadata":{"emulator":{"name":"functions"},"message":"[worker-pool] submitWork(triggerId=)"}}
[debug] [2022-09-16T04:03:37.883Z] [worker-~diagnostic~-0d463417-34df-4c89-be3d-144696244e2a]: Assigning socketPath: /var/folders/60/_xzq_fns7fdcrqymch2x3w6c0000h2/T/fire_emu_815.sock {"metadata":{"emulator":{"name":"functions"},"message":"[worker-~diagnostic~-0d463417-34df-4c89-be3d-144696244e2a]: Assigning socketPath: /var/folders/60/_xzq_fns7fdcrqymch2x3w6c0000h2/T/fire_emu_815.sock"}}
[debug] [2022-09-16T04:03:37.883Z] [worker-~diagnostic~-0d463417-34df-4c89-be3d-144696244e2a]: BUSY {"metadata":{"emulator":{"name":"functions"},"message":"[worker-~diagnostic~-0d463417-34df-4c89-be3d-144696244e2a]: BUSY"}}
[debug] [2022-09-16T04:03:38.030Z] [runtime-status] [815] Functions runtime initialized. {"cwd":"/Users/tengis/Desktop/projects/cloud/functions","node_version":"18.6.0"} {"metadata":{"emulator":{"name":"functions"},"message":"[runtime-status] [815] Functions runtime initialized. {\"cwd\":\"/Users/tengis/Desktop/projects/cloud/functions\",\"node_version\":\"18.6.0\"}"}}
[debug] [2022-09-16T04:03:38.030Z] [runtime-status] [815] Disabled runtime features: undefined {"metadata":{"emulator":{"name":"functions"},"message":"[runtime-status] [815] Disabled runtime features: undefined"}}
[debug] [2022-09-16T04:03:38.031Z] [runtime-status] [815] Resolved module firebase-admin {"declared":true,"installed":true,"version":"9.12.0","resolution":"/Users/tengis/Desktop/projects/cloud/functions/node_modules/firebase-admin/lib/index.js"} {"metadata":{"emulator":{"name":"functions"},"message":"[runtime-status] [815] Resolved module firebase-admin {\"declared\":true,\"installed\":true,\"version\":\"9.12.0\",\"resolution\":\"/Users/tengis/Desktop/projects/cloud/functions/node_modules/firebase-admin/lib/index.js\"}"}}
[debug] [2022-09-16T04:03:38.037Z] [runtime-status] [815] Resolved module firebase-functions {"declared":true,"installed":true,"version":"3.23.0","resolution":"/Users/tengis/Desktop/projects/cloud/functions/node_modules/firebase-functions/lib/index.js"} {"metadata":{"emulator":{"name":"functions"},"message":"[runtime-status] [815] Resolved module firebase-functions {\"declared\":true,\"installed\":true,\"version\":\"3.23.0\",\"resolution\":\"/Users/tengis/Desktop/projects/cloud/functions/node_modules/firebase-functions/lib/index.js\"}"}}
[debug] [2022-09-16T04:03:38.037Z] [runtime-status] [815] Outgoing network have been stubbed. [{"name":"http","status":"mocked"},{"name":"http","status":"mocked"},{"name":"https","status":"mocked"},{"name":"https","status":"mocked"},{"name":"net","status":"mocked"}] {"metadata":{"emulator":{"name":"functions"},"message":"[runtime-status] [815] Outgoing network have been stubbed. [{\"name\":\"http\",\"status\":\"mocked\"},{\"name\":\"http\",\"status\":\"mocked\"},{\"name\":\"https\",\"status\":\"mocked\"},{\"name\":\"https\",\"status\":\"mocked\"},{\"name\":\"net\",\"status\":\"mocked\"}]"}}
[debug] [2022-09-16T04:03:38.037Z] [runtime-status] [815] Resolved module firebase-functions {"declared":true,"installed":true,"version":"3.23.0","resolution":"/Users/tengis/Desktop/projects/cloud/functions/node_modules/firebase-functions/lib/index.js"} {"metadata":{"emulator":{"name":"functions"},"message":"[runtime-status] [815] Resolved module firebase-functions {\"declared\":true,\"installed\":true,\"version\":\"3.23.0\",\"resolution\":\"/Users/tengis/Desktop/projects/cloud/functions/node_modules/firebase-functions/lib/index.js\"}"}}
[debug] [2022-09-16T04:03:38.062Z] [runtime-status] [815] Checked functions.config() {"config":{}} {"metadata":{"emulator":{"name":"functions"},"message":"[runtime-status] [815] Checked functions.config() {\"config\":{}}"}}
[debug] [2022-09-16T04:03:38.062Z] [runtime-status] [815] firebase-functions has been stubbed. {"functionsResolution":{"declared":true,"installed":true,"version":"3.23.0","resolution":"/Users/tengis/Desktop/projects/cloud/functions/node_modules/firebase-functions/lib/index.js"}} {"metadata":{"emulator":{"name":"functions"},"message":"[runtime-status] [815] firebase-functions has been stubbed. {\"functionsResolution\":{\"declared\":true,\"installed\":true,\"version\":\"3.23.0\",\"resolution\":\"/Users/tengis/Desktop/projects/cloud/functions/node_modules/firebase-functions/lib/index.js\"}}"}}
[debug] [2022-09-16T04:03:38.063Z] [runtime-status] [815] Resolved module firebase-functions {"declared":true,"installed":true,"version":"3.23.0","resolution":"/Users/tengis/Desktop/projects/cloud/functions/node_modules/firebase-functions/lib/index.js"} {"metadata":{"emulator":{"name":"functions"},"message":"[runtime-status] [815] Resolved module firebase-functions {\"declared\":true,\"installed\":true,\"version\":\"3.23.0\",\"resolution\":\"/Users/tengis/Desktop/projects/cloud/functions/node_modules/firebase-functions/lib/index.js\"}"}}
[debug] [2022-09-16T04:03:38.063Z] [runtime-status] [815] Resolved module firebase-admin {"declared":true,"installed":true,"version":"9.12.0","resolution":"/Users/tengis/Desktop/projects/cloud/functions/node_modules/firebase-admin/lib/index.js"} {"metadata":{"emulator":{"name":"functions"},"message":"[runtime-status] [815] Resolved module firebase-admin {\"declared\":true,\"installed\":true,\"version\":\"9.12.0\",\"resolution\":\"/Users/tengis/Desktop/projects/cloud/functions/node_modules/firebase-admin/lib/index.js\"}"}}
[debug] [2022-09-16T04:03:38.063Z] [runtime-status] [815] Resolved module firebase-functions {"declared":true,"installed":true,"version":"3.23.0","resolution":"/Users/tengis/Desktop/projects/cloud/functions/node_modules/firebase-functions/lib/index.js"} {"metadata":{"emulator":{"name":"functions"},"message":"[runtime-status] [815] Resolved module firebase-functions {\"declared\":true,\"installed\":true,\"version\":\"3.23.0\",\"resolution\":\"/Users/tengis/Desktop/projects/cloud/functions/node_modules/firebase-functions/lib/index.js\"}"}}
[debug] [2022-09-16T04:03:38.063Z] [runtime-status] [815] firebase-admin has been stubbed. {"adminResolution":{"declared":true,"installed":true,"version":"9.12.0","resolution":"/Users/tengis/Desktop/projects/cloud/functions/node_modules/firebase-admin/lib/index.js"}} {"metadata":{"emulator":{"name":"functions"},"message":"[runtime-status] [815] firebase-admin has been stubbed. {\"adminResolution\":{\"declared\":true,\"installed\":true,\"version\":\"9.12.0\",\"resolution\":\"/Users/tengis/Desktop/projects/cloud/functions/node_modules/firebase-admin/lib/index.js\"}}"}}
[debug] [2022-09-16T04:03:38.065Z] addFirestoreTrigger "{\"eventTrigger\":{\"resource\":\"projects/test-beba8/databases/(default)/documents/users/{userId}\",\"eventType\":\"providers/cloud.firestore/eventTypes/document.create\",\"service\":\"firestore.googleapis.com\"}}"
[debug] [2022-09-16T04:03:38.065Z] >>> HTTP REQUEST PUT http://127.0.0.1:8080/emulator/v1/projects/test-beba8/triggers/us-central1-onUserCreate-0  
 {"eventTrigger":{"resource":"projects/test-beba8/databases/(default)/documents/users/{userId}","eventType":"providers/cloud.firestore/eventTypes/document.create","service":"firestore.googleapis.com"}}
[debug] [2022-09-16T04:03:38.066Z] [worker-~diagnostic~-0d463417-34df-4c89-be3d-144696244e2a]: IDLE {"metadata":{"emulator":{"name":"functions"},"message":"[worker-~diagnostic~-0d463417-34df-4c89-be3d-144696244e2a]: IDLE"}}
[debug] [2022-09-16T04:03:38.072Z] Sep 16, 2022 12:03:38 PM io.gapi.emulators.netty.HttpVersionRoutingHandler channelRead
INFO: Detected non-HTTP/2 connection.
 {"metadata":{"emulator":{"name":"firestore"},"message":"Sep 16, 2022 12:03:38 PM io.gapi.emulators.netty.HttpVersionRoutingHandler channelRead\nINFO: Detected non-HTTP/2 connection.\n"}}
[debug] [2022-09-16T04:03:38.209Z] Sep 16, 2022 12:03:38 PM io.gapi.emulators.netty.HttpVersionRoutingHandler channelRead
INFO: Detected HTTP/2 connection.
 {"metadata":{"emulator":{"name":"firestore"},"message":"Sep 16, 2022 12:03:38 PM io.gapi.emulators.netty.HttpVersionRoutingHandler channelRead\nINFO: Detected HTTP/2 connection.\n"}}
[debug] [2022-09-16T04:03:38.944Z] <<< HTTP RESPONSE 200 {"content-type":"application/json","content-length":"4"}
[info] ✔  functions[us-central1-onUserCreate]: firestore function initialized. {"metadata":{"emulator":{"name":"functions"},"message":"\u001b[1mfirestore\u001b[22m function initialized."}}
[info] 
┌─────────────────────────────────────────────────────────────┐
│ ✔  All emulators ready! It is now safe to connect your app. │
│ i  View Emulator UI at http://localhost:4000                │
└─────────────────────────────────────────────────────────────┘

┌───────────┬────────────────┬─────────────────────────────────┐
│ Emulator  │ Host:Port      │ View in Emulator UI             │
├───────────┼────────────────┼─────────────────────────────────┤
│ Functions │ 127.0.0.1:5001 │ http://localhost:4000/functions │
├───────────┼────────────────┼─────────────────────────────────┤
│ Firestore │ 127.0.0.1:8080 │ http://localhost:4000/firestore │
└───────────┴────────────────┴─────────────────────────────────┘
  Emulator Hub running at localhost:4400
  Other reserved ports: 4500

Issues? Report them at https://github.com/firebase/firebase-tools/issues and attach the *-debug.log files.
 
[debug] [2022-09-16T04:03:45.690Z] Sep 16, 2022 12:03:45 PM io.gapi.emulators.netty.HttpVersionRoutingHandler channelRead
INFO: Detected non-HTTP/2 connection.
 {"metadata":{"emulator":{"name":"firestore"},"message":"Sep 16, 2022 12:03:45 PM io.gapi.emulators.netty.HttpVersionRoutingHandler channelRead\nINFO: Detected non-HTTP/2 connection.\n"}}
[debug] [2022-09-16T04:03:45.709Z] Sep 16, 2022 12:03:45 PM com.google.cloud.datastore.emulator.firestore.websocket.WebSocketChannelHandler initChannel
INFO: Connected to new websocket client
 {"metadata":{"emulator":{"name":"firestore"},"message":"Sep 16, 2022 12:03:45 PM com.google.cloud.datastore.emulator.firestore.websocket.WebSocketChannelHandler initChannel\nINFO: Connected to new websocket client\n"}}
[debug] [2022-09-16T04:03:48.788Z] Sep 16, 2022 12:03:48 PM io.gapi.emulators.netty.HttpVersionRoutingHandler channelRead
INFO: Detected non-HTTP/2 connection.
 {"metadata":{"emulator":{"name":"firestore"},"message":"Sep 16, 2022 12:03:48 PM io.gapi.emulators.netty.HttpVersionRoutingHandler channelRead\nINFO: Detected non-HTTP/2 connection.\n"}}
[debug] [2022-09-16T04:03:49.695Z] Sep 16, 2022 12:03:49 PM io.gapi.emulators.netty.HttpVersionRoutingHandler channelRead
INFO: Detected non-HTTP/2 connection.
 {"metadata":{"emulator":{"name":"firestore"},"message":"Sep 16, 2022 12:03:49 PM io.gapi.emulators.netty.HttpVersionRoutingHandler channelRead\nINFO: Detected non-HTTP/2 connection.\n"}}
[debug] [2022-09-16T04:03:51.730Z] Sep 16, 2022 12:03:51 PM io.gapi.emulators.netty.HttpVersionRoutingHandler channelRead
INFO: Detected non-HTTP/2 connection.
 {"metadata":{"emulator":{"name":"firestore"},"message":"Sep 16, 2022 12:03:51 PM io.gapi.emulators.netty.HttpVersionRoutingHandler channelRead\nINFO: Detected non-HTTP/2 connection.\n"}}
[debug] [2022-09-16T04:03:53.793Z] Sep 16, 2022 12:03:53 PM io.gapi.emulators.netty.HttpVersionRoutingHandler channelRead
INFO: Detected non-HTTP/2 connection.
 {"metadata":{"emulator":{"name":"firestore"},"message":"Sep 16, 2022 12:03:53 PM io.gapi.emulators.netty.HttpVersionRoutingHandler channelRead\nINFO: Detected non-HTTP/2 connection.\n"}}
[debug] [2022-09-16T04:03:55.826Z] Sep 16, 2022 12:03:55 PM io.gapi.emulators.netty.HttpVersionRoutingHandler channelRead
INFO: Detected non-HTTP/2 connection.
 {"metadata":{"emulator":{"name":"firestore"},"message":"Sep 16, 2022 12:03:55 PM io.gapi.emulators.netty.HttpVersionRoutingHandler channelRead\nINFO: Detected non-HTTP/2 connection.\n"}}
[debug] [2022-09-16T04:03:57.849Z] Sep 16, 2022 12:03:57 PM io.gapi.emulators.netty.HttpVersionRoutingHandler channelRead
INFO: Detected non-HTTP/2 connection.
 {"metadata":{"emulator":{"name":"firestore"},"message":"Sep 16, 2022 12:03:57 PM io.gapi.emulators.netty.HttpVersionRoutingHandler channelRead\nINFO: Detected non-HTTP/2 connection.\n"}}
[debug] [2022-09-16T04:03:59.897Z] Sep 16, 2022 12:03:59 PM io.gapi.emulators.netty.HttpVersionRoutingHandler channelRead
INFO: Detected non-HTTP/2 connection.
 {"metadata":{"emulator":{"name":"firestore"},"message":"Sep 16, 2022 12:03:59 PM io.gapi.emulators.netty.HttpVersionRoutingHandler channelRead\nINFO: Detected non-HTTP/2 connection.\n"}}
[debug] [2022-09-16T04:04:01.939Z] Sep 16, 2022 12:04:01 PM io.gapi.emulators.netty.HttpVersionRoutingHandler channelRead
INFO: Detected non-HTTP/2 connection.
 {"metadata":{"emulator":{"name":"firestore"},"message":"Sep 16, 2022 12:04:01 PM io.gapi.emulators.netty.HttpVersionRoutingHandler channelRead\nINFO: Detected non-HTTP/2 connection.\n"}}
[debug] [2022-09-16T04:04:03.998Z] Sep 16, 2022 12:04:03 PM io.gapi.emulators.netty.HttpVersionRoutingHandler channelRead
INFO: Detected non-HTTP/2 connection.
 {"metadata":{"emulator":{"name":"firestore"},"message":"Sep 16, 2022 12:04:03 PM io.gapi.emulators.netty.HttpVersionRoutingHandler channelRead\nINFO: Detected non-HTTP/2 connection.\n"}}
[debug] [2022-09-16T04:04:06.033Z] Sep 16, 2022 12:04:06 PM io.gapi.emulators.netty.HttpVersionRoutingHandler channelRead
INFO: Detected non-HTTP/2 connection.
 {"metadata":{"emulator":{"name":"firestore"},"message":"Sep 16, 2022 12:04:06 PM io.gapi.emulators.netty.HttpVersionRoutingHandler channelRead\nINFO: Detected non-HTTP/2 connection.\n"}}
[debug] [2022-09-16T04:04:08.061Z] Sep 16, 2022 12:04:08 PM io.gapi.emulators.netty.HttpVersionRoutingHandler channelRead
INFO: Detected non-HTTP/2 connection.
 {"metadata":{"emulator":{"name":"firestore"},"message":"Sep 16, 2022 12:04:08 PM io.gapi.emulators.netty.HttpVersionRoutingHandler channelRead\nINFO: Detected non-HTTP/2 connection.\n"}}
[debug] [2022-09-16T04:04:10.099Z] Sep 16, 2022 12:04:10 PM io.gapi.emulators.netty.HttpVersionRoutingHandler channelRead
INFO: Detected non-HTTP/2 connection.
 {"metadata":{"emulator":{"name":"firestore"},"message":"Sep 16, 2022 12:04:10 PM io.gapi.emulators.netty.HttpVersionRoutingHandler channelRead\nINFO: Detected non-HTTP/2 connection.\n"}}
[debug] [2022-09-16T04:04:12.131Z] Sep 16, 2022 12:04:12 PM io.gapi.emulators.netty.HttpVersionRoutingHandler channelRead
INFO: Detected non-HTTP/2 connection.
 {"metadata":{"emulator":{"name":"firestore"},"message":"Sep 16, 2022 12:04:12 PM io.gapi.emulators.netty.HttpVersionRoutingHandler channelRead\nINFO: Detected non-HTTP/2 connection.\n"}}
[debug] [2022-09-16T04:04:14.191Z] Sep 16, 2022 12:04:14 PM io.gapi.emulators.netty.HttpVersionRoutingHandler channelRead
INFO: Detected non-HTTP/2 connection.
 {"metadata":{"emulator":{"name":"firestore"},"message":"Sep 16, 2022 12:04:14 PM io.gapi.emulators.netty.HttpVersionRoutingHandler channelRead\nINFO: Detected non-HTTP/2 connection.\n"}}
[debug] [2022-09-16T04:04:16.227Z] Sep 16, 2022 12:04:16 PM io.gapi.emulators.netty.HttpVersionRoutingHandler channelRead
INFO: Detected non-HTTP/2 connection.
 {"metadata":{"emulator":{"name":"firestore"},"message":"Sep 16, 2022 12:04:16 PM io.gapi.emulators.netty.HttpVersionRoutingHandler channelRead\nINFO: Detected non-HTTP/2 connection.\n"}}
[debug] [2022-09-16T04:04:17.388Z] Sep 16, 2022 12:04:17 PM io.gapi.emulators.netty.HttpVersionRoutingHandler channelRead
INFO: Detected non-HTTP/2 connection.
 {"metadata":{"emulator":{"name":"firestore"},"message":"Sep 16, 2022 12:04:17 PM io.gapi.emulators.netty.HttpVersionRoutingHandler channelRead\nINFO: Detected non-HTTP/2 connection.\n"}}
[debug] [2022-09-16T04:04:17.557Z] Sep 16, 2022 12:04:17 PM io.gapi.emulators.netty.HttpVersionRoutingHandler channelRead
INFO: Detected non-HTTP/2 connection.
 {"metadata":{"emulator":{"name":"firestore"},"message":"Sep 16, 2022 12:04:17 PM io.gapi.emulators.netty.HttpVersionRoutingHandler channelRead\nINFO: Detected non-HTTP/2 connection.\n"}}
[debug] [2022-09-16T04:04:17.577Z] Sep 16, 2022 12:04:17 PM io.gapi.emulators.netty.HttpVersionRoutingHandler channelRead
INFO: Detected non-HTTP/2 connection.
 {"metadata":{"emulator":{"name":"firestore"},"message":"Sep 16, 2022 12:04:17 PM io.gapi.emulators.netty.HttpVersionRoutingHandler channelRead\nINFO: Detected non-HTTP/2 connection.\n"}}
[debug] [2022-09-16T04:04:17.943Z] Sep 16, 2022 12:04:17 PM io.gapi.emulators.netty.HttpVersionRoutingHandler channelRead
INFO: Detected non-HTTP/2 connection.
 {"metadata":{"emulator":{"name":"firestore"},"message":"Sep 16, 2022 12:04:17 PM io.gapi.emulators.netty.HttpVersionRoutingHandler channelRead\nINFO: Detected non-HTTP/2 connection.\n"}}
[debug] [2022-09-16T04:04:17.974Z] [work-queue] {"queueLength":1,"workRunningCount":0}
[debug] [2022-09-16T04:04:17.974Z] [work-queue] {"queueLength":0,"workRunningCount":1}
[debug] [2022-09-16T04:04:17.974Z] Accepted request POST /functions/projects/test-beba8/triggers/us-central1-onUserCreate-0 --> us-central1-onUserCreate-0 {"metadata":{"emulator":{"name":"functions"},"message":"Accepted request POST /functions/projects/test-beba8/triggers/us-central1-onUserCreate-0 --> us-central1-onUserCreate-0"}}
[debug] [2022-09-16T04:04:17.985Z] [worker-pool] addWorker(us-central1-onUserCreate) {"metadata":{"emulator":{"name":"functions"},"message":"[worker-pool] addWorker(us-central1-onUserCreate)"}}
[debug] [2022-09-16T04:04:17.985Z] [worker-pool] Adding worker with key us-central1-onUserCreate, total=1 {"metadata":{"emulator":{"name":"functions"},"message":"[worker-pool] Adding worker with key us-central1-onUserCreate, total=1"}}
[debug] [2022-09-16T04:04:17.985Z] [worker-pool] submitWork(triggerId=us-central1-onUserCreate) {"metadata":{"emulator":{"name":"functions"},"message":"[worker-pool] submitWork(triggerId=us-central1-onUserCreate)"}}
[debug] [2022-09-16T04:04:17.985Z] [worker-us-central1-onUserCreate-d85ee7a7-e91c-428a-a996-bc467320ed71]: Assigning socketPath: /var/folders/60/_xzq_fns7fdcrqymch2x3w6c0000h2/T/fire_emu_860.sock {"metadata":{"emulator":{"name":"functions"},"message":"[worker-us-central1-onUserCreate-d85ee7a7-e91c-428a-a996-bc467320ed71]: Assigning socketPath: /var/folders/60/_xzq_fns7fdcrqymch2x3w6c0000h2/T/fire_emu_860.sock"}}
[debug] [2022-09-16T04:04:17.986Z] [worker-us-central1-onUserCreate-d85ee7a7-e91c-428a-a996-bc467320ed71]: BUSY {"metadata":{"emulator":{"name":"functions"},"message":"[worker-us-central1-onUserCreate-d85ee7a7-e91c-428a-a996-bc467320ed71]: BUSY"}}
[debug] [2022-09-16T04:04:18.092Z] [runtime-status] [860] Functions runtime initialized. {"cwd":"/Users/tengis/Desktop/projects/cloud/functions","node_version":"18.6.0"} {"metadata":{"emulator":{"name":"functions"},"function":{"name":"us-central1-onUserCreate"},"message":"[runtime-status] [860] Functions runtime initialized. {\"cwd\":\"/Users/tengis/Desktop/projects/cloud/functions\",\"node_version\":\"18.6.0\"}"}}
[debug] [2022-09-16T04:04:18.092Z] [runtime-status] [860] Disabled runtime features: undefined {"metadata":{"emulator":{"name":"functions"},"function":{"name":"us-central1-onUserCreate"},"message":"[runtime-status] [860] Disabled runtime features: undefined"}}
[debug] [2022-09-16T04:04:18.094Z] [runtime-status] [860] Resolved module firebase-admin {"declared":true,"installed":true,"version":"9.12.0","resolution":"/Users/tengis/Desktop/projects/cloud/functions/node_modules/firebase-admin/lib/index.js"} {"metadata":{"emulator":{"name":"functions"},"function":{"name":"us-central1-onUserCreate"},"message":"[runtime-status] [860] Resolved module firebase-admin {\"declared\":true,\"installed\":true,\"version\":\"9.12.0\",\"resolution\":\"/Users/tengis/Desktop/projects/cloud/functions/node_modules/firebase-admin/lib/index.js\"}"}}
[debug] [2022-09-16T04:04:18.096Z] [runtime-status] [860] Resolved module firebase-functions {"declared":true,"installed":true,"version":"3.23.0","resolution":"/Users/tengis/Desktop/projects/cloud/functions/node_modules/firebase-functions/lib/index.js"} {"metadata":{"emulator":{"name":"functions"},"function":{"name":"us-central1-onUserCreate"},"message":"[runtime-status] [860] Resolved module firebase-functions {\"declared\":true,\"installed\":true,\"version\":\"3.23.0\",\"resolution\":\"/Users/tengis/Desktop/projects/cloud/functions/node_modules/firebase-functions/lib/index.js\"}"}}
[debug] [2022-09-16T04:04:18.097Z] [runtime-status] [860] Outgoing network have been stubbed. [{"name":"http","status":"mocked"},{"name":"http","status":"mocked"},{"name":"https","status":"mocked"},{"name":"https","status":"mocked"},{"name":"net","status":"mocked"}] {"metadata":{"emulator":{"name":"functions"},"function":{"name":"us-central1-onUserCreate"},"message":"[runtime-status] [860] Outgoing network have been stubbed. [{\"name\":\"http\",\"status\":\"mocked\"},{\"name\":\"http\",\"status\":\"mocked\"},{\"name\":\"https\",\"status\":\"mocked\"},{\"name\":\"https\",\"status\":\"mocked\"},{\"name\":\"net\",\"status\":\"mocked\"}]"}}
[debug] [2022-09-16T04:04:18.098Z] [runtime-status] [860] Resolved module firebase-functions {"declared":true,"installed":true,"version":"3.23.0","resolution":"/Users/tengis/Desktop/projects/cloud/functions/node_modules/firebase-functions/lib/index.js"} {"metadata":{"emulator":{"name":"functions"},"function":{"name":"us-central1-onUserCreate"},"message":"[runtime-status] [860] Resolved module firebase-functions {\"declared\":true,\"installed\":true,\"version\":\"3.23.0\",\"resolution\":\"/Users/tengis/Desktop/projects/cloud/functions/node_modules/firebase-functions/lib/index.js\"}"}}
[debug] [2022-09-16T04:04:18.128Z] [runtime-status] [860] Checked functions.config() {"config":{}} {"metadata":{"emulator":{"name":"functions"},"function":{"name":"us-central1-onUserCreate"},"message":"[runtime-status] [860] Checked functions.config() {\"config\":{}}"}}
[debug] [2022-09-16T04:04:18.128Z] [runtime-status] [860] firebase-functions has been stubbed. {"functionsResolution":{"declared":true,"installed":true,"version":"3.23.0","resolution":"/Users/tengis/Desktop/projects/cloud/functions/node_modules/firebase-functions/lib/index.js"}} {"metadata":{"emulator":{"name":"functions"},"function":{"name":"us-central1-onUserCreate"},"message":"[runtime-status] [860] firebase-functions has been stubbed. {\"functionsResolution\":{\"declared\":true,\"installed\":true,\"version\":\"3.23.0\",\"resolution\":\"/Users/tengis/Desktop/projects/cloud/functions/node_modules/firebase-functions/lib/index.js\"}}"}}
[debug] [2022-09-16T04:04:18.129Z] [runtime-status] [860] Resolved module firebase-functions {"declared":true,"installed":true,"version":"3.23.0","resolution":"/Users/tengis/Desktop/projects/cloud/functions/node_modules/firebase-functions/lib/index.js"} {"metadata":{"emulator":{"name":"functions"},"function":{"name":"us-central1-onUserCreate"},"message":"[runtime-status] [860] Resolved module firebase-functions {\"declared\":true,\"installed\":true,\"version\":\"3.23.0\",\"resolution\":\"/Users/tengis/Desktop/projects/cloud/functions/node_modules/firebase-functions/lib/index.js\"}"}}
[debug] [2022-09-16T04:04:18.129Z] [runtime-status] [860] Resolved module firebase-admin {"declared":true,"installed":true,"version":"9.12.0","resolution":"/Users/tengis/Desktop/projects/cloud/functions/node_modules/firebase-admin/lib/index.js"} {"metadata":{"emulator":{"name":"functions"},"function":{"name":"us-central1-onUserCreate"},"message":"[runtime-status] [860] Resolved module firebase-admin {\"declared\":true,\"installed\":true,\"version\":\"9.12.0\",\"resolution\":\"/Users/tengis/Desktop/projects/cloud/functions/node_modules/firebase-admin/lib/index.js\"}"}}
[debug] [2022-09-16T04:04:18.130Z] [runtime-status] [860] Resolved module firebase-functions {"declared":true,"installed":true,"version":"3.23.0","resolution":"/Users/tengis/Desktop/projects/cloud/functions/node_modules/firebase-functions/lib/index.js"} {"metadata":{"emulator":{"name":"functions"},"function":{"name":"us-central1-onUserCreate"},"message":"[runtime-status] [860] Resolved module firebase-functions {\"declared\":true,\"installed\":true,\"version\":\"3.23.0\",\"resolution\":\"/Users/tengis/Desktop/projects/cloud/functions/node_modules/firebase-functions/lib/index.js\"}"}}
[debug] [2022-09-16T04:04:18.130Z] [runtime-status] [860] firebase-admin has been stubbed. {"adminResolution":{"declared":true,"installed":true,"version":"9.12.0","resolution":"/Users/tengis/Desktop/projects/cloud/functions/node_modules/firebase-admin/lib/index.js"}} {"metadata":{"emulator":{"name":"functions"},"function":{"name":"us-central1-onUserCreate"},"message":"[runtime-status] [860] firebase-admin has been stubbed. {\"adminResolution\":{\"declared\":true,\"installed\":true,\"version\":\"9.12.0\",\"resolution\":\"/Users/tengis/Desktop/projects/cloud/functions/node_modules/firebase-admin/lib/index.js\"}}"}}
[debug] [2022-09-16T04:04:18.131Z] [runtime-status] [860] Trigger "us-central1-onUserCreate" has been found, beginning invocation! {"metadata":{"emulator":{"name":"functions"},"function":{"name":"us-central1-onUserCreate"},"message":"[runtime-status] [860] Trigger \"us-central1-onUserCreate\" has been found, beginning invocation!"}}
[info] i  functions: Beginning execution of "us-central1-onUserCreate" {"metadata":{"emulator":{"name":"functions"},"function":{"name":"us-central1-onUserCreate"},"message":"Beginning execution of \"us-central1-onUserCreate\""}}
[debug] [2022-09-16T04:04:18.131Z] [runtime-status] [860] triggerDefinition {"eventTrigger":{"resource":"projects/test-beba8/databases/(default)/documents/users/{userId}","eventType":"providers/cloud.firestore/eventTypes/document.create","service":"firestore.googleapis.com"},"name":"onUserCreate","entryPoint":"onUserCreate","regions":["us-central1"],"region":"us-central1","id":"us-central1-onUserCreate","platform":"gcfv1"} {"metadata":{"emulator":{"name":"functions"},"function":{"name":"us-central1-onUserCreate"},"message":"[runtime-status] [860] triggerDefinition {\"eventTrigger\":{\"resource\":\"projects/test-beba8/databases/(default)/documents/users/{userId}\",\"eventType\":\"providers/cloud.firestore/eventTypes/document.create\",\"service\":\"firestore.googleapis.com\"},\"name\":\"onUserCreate\",\"entryPoint\":\"onUserCreate\",\"regions\":[\"us-central1\"],\"region\":\"us-central1\",\"id\":\"us-central1-onUserCreate\",\"platform\":\"gcfv1\"}"}}
[debug] [2022-09-16T04:04:18.132Z] [runtime-status] [860] Running us-central1-onUserCreate in signature event {"metadata":{"emulator":{"name":"functions"},"function":{"name":"us-central1-onUserCreate"},"message":"[runtime-status] [860] Running us-central1-onUserCreate in signature event"}}
[debug] [2022-09-16T04:04:18.132Z] [runtime-status] [860] ProcessBackground {"data":{"value":{"name":"projects/test-beba8/databases/(default)/documents/users/OQb0DQVuFxp6lwcPkWFH","fields":{"email":{"stringValue":"habwdyu@gmail.com"}},"createTime":"2022-09-16T04:04:17.789Z","updateTime":"2022-09-16T04:04:17.789Z"},"updateMask":{}},"context":{"eventId":"fc2203bb-210a-4f50-8ece-eef264f4d119","timestamp":"2022-09-16T04:04:17.789Z","eventType":"providers/cloud.firestore/eventTypes/document.create","resource":{"name":"projects/test-beba8/databases/(default)/documents/users/OQb0DQVuFxp6lwcPkWFH","service":"firestore.googleapis.com"}}} {"metadata":{"emulator":{"name":"functions"},"function":{"name":"us-central1-onUserCreate"},"message":"[runtime-status] [860] ProcessBackground {\"data\":{\"value\":{\"name\":\"projects/test-beba8/databases/(default)/documents/users/OQb0DQVuFxp6lwcPkWFH\",\"fields\":{\"email\":{\"stringValue\":\"habwdyu@gmail.com\"}},\"createTime\":\"2022-09-16T04:04:17.789Z\",\"updateTime\":\"2022-09-16T04:04:17.789Z\"},\"updateMask\":{}},\"context\":{\"eventId\":\"fc2203bb-210a-4f50-8ece-eef264f4d119\",\"timestamp\":\"2022-09-16T04:04:17.789Z\",\"eventType\":\"providers/cloud.firestore/eventTypes/document.create\",\"resource\":{\"name\":\"projects/test-beba8/databases/(default)/documents/users/OQb0DQVuFxp6lwcPkWFH\",\"service\":\"firestore.googleapis.com\"}}}"}}
[debug] [2022-09-16T04:04:18.132Z] [runtime-status] [860] ProcessBackground: lifting resource.name from resource {"name":"projects/test-beba8/databases/(default)/documents/users/OQb0DQVuFxp6lwcPkWFH","service":"firestore.googleapis.com"} {"metadata":{"emulator":{"name":"functions"},"function":{"name":"us-central1-onUserCreate"},"message":"[runtime-status] [860] ProcessBackground: lifting resource.name from resource {\"name\":\"projects/test-beba8/databases/(default)/documents/users/OQb0DQVuFxp6lwcPkWFH\",\"service\":\"firestore.googleapis.com\"}"}}
[debug] [2022-09-16T04:04:18.132Z] [runtime-status] [860] RunBackground {"data":{"value":{"name":"projects/test-beba8/databases/(default)/documents/users/OQb0DQVuFxp6lwcPkWFH","fields":{"email":{"stringValue":"habwdyu@gmail.com"}},"createTime":"2022-09-16T04:04:17.789Z","updateTime":"2022-09-16T04:04:17.789Z"},"updateMask":{}},"context":{"eventId":"fc2203bb-210a-4f50-8ece-eef264f4d119","timestamp":"2022-09-16T04:04:17.789Z","eventType":"providers/cloud.firestore/eventTypes/document.create","resource":"projects/test-beba8/databases/(default)/documents/users/OQb0DQVuFxp6lwcPkWFH"}} {"metadata":{"emulator":{"name":"functions"},"function":{"name":"us-central1-onUserCreate"},"message":"[runtime-status] [860] RunBackground {\"data\":{\"value\":{\"name\":\"projects/test-beba8/databases/(default)/documents/users/OQb0DQVuFxp6lwcPkWFH\",\"fields\":{\"email\":{\"stringValue\":\"habwdyu@gmail.com\"}},\"createTime\":\"2022-09-16T04:04:17.789Z\",\"updateTime\":\"2022-09-16T04:04:17.789Z\"},\"updateMask\":{}},\"context\":{\"eventId\":\"fc2203bb-210a-4f50-8ece-eef264f4d119\",\"timestamp\":\"2022-09-16T04:04:17.789Z\",\"eventType\":\"providers/cloud.firestore/eventTypes/document.create\",\"resource\":\"projects/test-beba8/databases/(default)/documents/users/OQb0DQVuFxp6lwcPkWFH\"}}"}}
[info] >  OQb0DQVuFxp6lwcPkWFH ===== habwdyu@gmail.com {"user":"OQb0DQVuFxp6lwcPkWFH ===== habwdyu@gmail.com","metadata":{"emulator":{"name":"functions"},"function":{"name":"us-central1-onUserCreate"},"message":"\u001b[90m> \u001b[39m OQb0DQVuFxp6lwcPkWFH ===== habwdyu@gmail.com"}}
[debug] [2022-09-16T04:04:18.153Z] [runtime-status] [860] Ephemeral server survived. {"metadata":{"emulator":{"name":"functions"},"function":{"name":"us-central1-onUserCreate"},"message":"[runtime-status] [860] Ephemeral server survived."}}
[info] i  functions: Finished "us-central1-onUserCreate" in ~1s {"metadata":{"emulator":{"name":"functions"},"function":{"name":"us-central1-onUserCreate"},"message":"Finished \"us-central1-onUserCreate\" in ~1s"}}
[debug] [2022-09-16T04:04:18.153Z] [worker-us-central1-onUserCreate-d85ee7a7-e91c-428a-a996-bc467320ed71]: IDLE {"metadata":{"emulator":{"name":"functions"},"message":"[worker-us-central1-onUserCreate-d85ee7a7-e91c-428a-a996-bc467320ed71]: IDLE"}}
[debug] [2022-09-16T04:04:18.153Z] [work-queue] {"queueLength":0,"workRunningCount":0}
[debug] [2022-09-16T04:04:18.168Z] Sep 16, 2022 12:04:18 PM io.gapi.emulators.netty.HttpVersionRoutingHandler channelRead
INFO: Detected non-HTTP/2 connection.
 {"metadata":{"emulator":{"name":"firestore"},"message":"Sep 16, 2022 12:04:18 PM io.gapi.emulators.netty.HttpVersionRoutingHandler channelRead\nINFO: Detected non-HTTP/2 connection.\n"}}
[debug] [2022-09-16T04:04:18.257Z] Sep 16, 2022 12:04:18 PM io.gapi.emulators.netty.HttpVersionRoutingHandler channelRead
INFO: Detected non-HTTP/2 connection.
 {"metadata":{"emulator":{"name":"firestore"},"message":"Sep 16, 2022 12:04:18 PM io.gapi.emulators.netty.HttpVersionRoutingHandler channelRead\nINFO: Detected non-HTTP/2 connection.\n"}}
[debug] [2022-09-16T04:04:18.301Z] Sep 16, 2022 12:04:18 PM io.gapi.emulators.netty.HttpVersionRoutingHandler channelRead
INFO: Detected non-HTTP/2 connection.
 {"metadata":{"emulator":{"name":"firestore"},"message":"Sep 16, 2022 12:04:18 PM io.gapi.emulators.netty.HttpVersionRoutingHandler channelRead\nINFO: Detected non-HTTP/2 connection.\n"}}
[debug] [2022-09-16T04:04:20.278Z] Sep 16, 2022 12:04:20 PM io.gapi.emulators.netty.HttpVersionRoutingHandler channelRead
INFO: Detected non-HTTP/2 connection.
 {"metadata":{"emulator":{"name":"firestore"},"message":"Sep 16, 2022 12:04:20 PM io.gapi.emulators.netty.HttpVersionRoutingHandler channelRead\nINFO: Detected non-HTTP/2 connection.\n"}}
[debug] [2022-09-16T04:04:22.298Z] Sep 16, 2022 12:04:22 PM io.gapi.emulators.netty.HttpVersionRoutingHandler channelRead
INFO: Detected non-HTTP/2 connection.
 {"metadata":{"emulator":{"name":"firestore"},"message":"Sep 16, 2022 12:04:22 PM io.gapi.emulators.netty.HttpVersionRoutingHandler channelRead\nINFO: Detected non-HTTP/2 connection.\n"}}
[debug] [2022-09-16T04:04:24.336Z] Sep 16, 2022 12:04:24 PM io.gapi.emulators.netty.HttpVersionRoutingHandler channelRead
INFO: Detected non-HTTP/2 connection.
 {"metadata":{"emulator":{"name":"firestore"},"message":"Sep 16, 2022 12:04:24 PM io.gapi.emulators.netty.HttpVersionRoutingHandler channelRead\nINFO: Detected non-HTTP/2 connection.\n"}}
[debug] [2022-09-16T04:04:26.373Z] Sep 16, 2022 12:04:26 PM io.gapi.emulators.netty.HttpVersionRoutingHandler channelRead
INFO: Detected non-HTTP/2 connection.
 {"metadata":{"emulator":{"name":"firestore"},"message":"Sep 16, 2022 12:04:26 PM io.gapi.emulators.netty.HttpVersionRoutingHandler channelRead\nINFO: Detected non-HTTP/2 connection.\n"}}
[debug] [2022-09-16T04:04:28.339Z] Sep 16, 2022 12:04:28 PM io.gapi.emulators.netty.HttpVersionRoutingHandler channelRead
INFO: Detected non-HTTP/2 connection.
 {"metadata":{"emulator":{"name":"firestore"},"message":"Sep 16, 2022 12:04:28 PM io.gapi.emulators.netty.HttpVersionRoutingHandler channelRead\nINFO: Detected non-HTTP/2 connection.\n"}}
[debug] [2022-09-16T04:04:28.398Z] Sep 16, 2022 12:04:28 PM io.gapi.emulators.netty.HttpVersionRoutingHandler channelRead
INFO: Detected non-HTTP/2 connection.
 {"metadata":{"emulator":{"name":"firestore"},"message":"Sep 16, 2022 12:04:28 PM io.gapi.emulators.netty.HttpVersionRoutingHandler channelRead\nINFO: Detected non-HTTP/2 connection.\n"}}
[debug] [2022-09-16T04:04:30.423Z] Sep 16, 2022 12:04:30 PM io.gapi.emulators.netty.HttpVersionRoutingHandler channelRead
INFO: Detected non-HTTP/2 connection.
 {"metadata":{"emulator":{"name":"firestore"},"message":"Sep 16, 2022 12:04:30 PM io.gapi.emulators.netty.HttpVersionRoutingHandler channelRead\nINFO: Detected non-HTTP/2 connection.\n"}}
[debug] [2022-09-16T04:04:31.943Z] Sep 16, 2022 12:04:31 PM io.gapi.emulators.netty.HttpVersionRoutingHandler channelRead
INFO: Detected non-HTTP/2 connection.
 {"metadata":{"emulator":{"name":"firestore"},"message":"Sep 16, 2022 12:04:31 PM io.gapi.emulators.netty.HttpVersionRoutingHandler channelRead\nINFO: Detected non-HTTP/2 connection.\n"}}
[debug] [2022-09-16T04:04:32.448Z] Sep 16, 2022 12:04:32 PM io.gapi.emulators.netty.HttpVersionRoutingHandler channelRead
INFO: Detected non-HTTP/2 connection.
 {"metadata":{"emulator":{"name":"firestore"},"message":"Sep 16, 2022 12:04:32 PM io.gapi.emulators.netty.HttpVersionRoutingHandler channelRead\nINFO: Detected non-HTTP/2 connection.\n"}}
[debug] [2022-09-16T04:04:36.728Z] Sep 16, 2022 12:04:36 PM io.gapi.emulators.netty.HttpVersionRoutingHandler channelRead
INFO: Detected non-HTTP/2 connection.
 {"metadata":{"emulator":{"name":"firestore"},"message":"Sep 16, 2022 12:04:36 PM io.gapi.emulators.netty.HttpVersionRoutingHandler channelRead\nINFO: Detected non-HTTP/2 connection.\n"}}
[debug] [2022-09-16T04:04:36.775Z] Sep 16, 2022 12:04:36 PM com.google.cloud.datastore.emulator.firestore.websocket.WebSocketChannelHandler initChannel
INFO: Connected to new websocket client
 {"metadata":{"emulator":{"name":"firestore"},"message":"Sep 16, 2022 12:04:36 PM com.google.cloud.datastore.emulator.firestore.websocket.WebSocketChannelHandler initChannel\nINFO: Connected to new websocket client\n"}}
[debug] [2022-09-16T04:04:36.814Z] Sep 16, 2022 12:04:36 PM io.gapi.emulators.netty.HttpVersionRoutingHandler channelRead
INFO: Detected non-HTTP/2 connection.
 {"metadata":{"emulator":{"name":"firestore"},"message":"Sep 16, 2022 12:04:36 PM io.gapi.emulators.netty.HttpVersionRoutingHandler channelRead\nINFO: Detected non-HTTP/2 connection.\n"}}
[debug] [2022-09-16T04:04:36.848Z] Sep 16, 2022 12:04:36 PM io.gapi.emulators.netty.HttpVersionRoutingHandler channelRead
INFO: Detected non-HTTP/2 connection.
 {"metadata":{"emulator":{"name":"firestore"},"message":"Sep 16, 2022 12:04:36 PM io.gapi.emulators.netty.HttpVersionRoutingHandler channelRead\nINFO: Detected non-HTTP/2 connection.\n"}}
[debug] [2022-09-16T04:04:36.924Z] Sep 16, 2022 12:04:36 PM io.gapi.emulators.netty.HttpVersionRoutingHandler channelRead
INFO: Detected non-HTTP/2 connection.
 {"metadata":{"emulator":{"name":"firestore"},"message":"Sep 16, 2022 12:04:36 PM io.gapi.emulators.netty.HttpVersionRoutingHandler channelRead\nINFO: Detected non-HTTP/2 connection.\n"}}
[debug] [2022-09-16T04:04:37.015Z] Sep 16, 2022 12:04:37 PM io.gapi.emulators.netty.HttpVersionRoutingHandler channelRead
INFO: Detected non-HTTP/2 connection.
 {"metadata":{"emulator":{"name":"firestore"},"message":"Sep 16, 2022 12:04:37 PM io.gapi.emulators.netty.HttpVersionRoutingHandler channelRead\nINFO: Detected non-HTTP/2 connection.\n"}}
[debug] [2022-09-16T04:04:37.018Z] Sep 16, 2022 12:04:37 PM com.google.cloud.datastore.emulator.firestore.websocket.WebSocketChannelHandler channelClosed
INFO: Websocket client disconnected
 {"metadata":{"emulator":{"name":"firestore"},"message":"Sep 16, 2022 12:04:37 PM com.google.cloud.datastore.emulator.firestore.websocket.WebSocketChannelHandler channelClosed\nINFO: Websocket client disconnected\n"}}
[debug] [2022-09-16T04:04:39.582Z] Sep 16, 2022 12:04:39 PM io.gapi.emulators.netty.HttpVersionRoutingHandler channelRead
INFO: Detected non-HTTP/2 connection.
 {"metadata":{"emulator":{"name":"firestore"},"message":"Sep 16, 2022 12:04:39 PM io.gapi.emulators.netty.HttpVersionRoutingHandler channelRead\nINFO: Detected non-HTTP/2 connection.\n"}}
[debug] [2022-09-16T04:04:41.616Z] Sep 16, 2022 12:04:41 PM io.gapi.emulators.netty.HttpVersionRoutingHandler channelRead
INFO: Detected non-HTTP/2 connection.
 {"metadata":{"emulator":{"name":"firestore"},"message":"Sep 16, 2022 12:04:41 PM io.gapi.emulators.netty.HttpVersionRoutingHandler channelRead\nINFO: Detected non-HTTP/2 connection.\n"}}
[debug] [2022-09-16T04:05:17.932Z] Sep 16, 2022 12:05:17 PM io.gapi.emulators.netty.HttpVersionRoutingHandler channelRead
INFO: Detected non-HTTP/2 connection.
 {"metadata":{"emulator":{"name":"firestore"},"message":"Sep 16, 2022 12:05:17 PM io.gapi.emulators.netty.HttpVersionRoutingHandler channelRead\nINFO: Detected non-HTTP/2 connection.\n"}}
[debug] [2022-09-16T04:05:18.363Z] Sep 16, 2022 12:05:18 PM io.gapi.emulators.netty.HttpVersionRoutingHandler channelRead
INFO: Detected non-HTTP/2 connection.
 {"metadata":{"emulator":{"name":"firestore"},"message":"Sep 16, 2022 12:05:18 PM io.gapi.emulators.netty.HttpVersionRoutingHandler channelRead\nINFO: Detected non-HTTP/2 connection.\n"}}
[debug] [2022-09-16T04:05:18.929Z] Sep 16, 2022 12:05:18 PM io.gapi.emulators.netty.HttpVersionRoutingHandler channelRead
INFO: Detected non-HTTP/2 connection.
 {"metadata":{"emulator":{"name":"firestore"},"message":"Sep 16, 2022 12:05:18 PM io.gapi.emulators.netty.HttpVersionRoutingHandler channelRead\nINFO: Detected non-HTTP/2 connection.\n"}}
[debug] [2022-09-16T04:05:18.952Z] Sep 16, 2022 12:05:18 PM com.google.cloud.datastore.emulator.firestore.webchannel.FirestoreV1WebChannelAdapter$FirestoreWriteHandler onClose
INFO: channel closed
 {"metadata":{"emulator":{"name":"firestore"},"message":"Sep 16, 2022 12:05:18 PM com.google.cloud.datastore.emulator.firestore.webchannel.FirestoreV1WebChannelAdapter$FirestoreWriteHandler onClose\nINFO: channel closed\n"}}
[debug] [2022-09-16T04:06:18.423Z] Sep 16, 2022 12:06:18 PM io.gapi.emulators.netty.HttpVersionRoutingHandler channelRead
INFO: Detected non-HTTP/2 connection.
 {"metadata":{"emulator":{"name":"firestore"},"message":"Sep 16, 2022 12:06:18 PM io.gapi.emulators.netty.HttpVersionRoutingHandler channelRead\nINFO: Detected non-HTTP/2 connection.\n"}}
[debug] [2022-09-16T04:07:18.506Z] Sep 16, 2022 12:07:18 PM io.gapi.emulators.netty.HttpVersionRoutingHandler channelRead
INFO: Detected non-HTTP/2 connection.
 {"metadata":{"emulator":{"name":"firestore"},"message":"Sep 16, 2022 12:07:18 PM io.gapi.emulators.netty.HttpVersionRoutingHandler channelRead\nINFO: Detected non-HTTP/2 connection.\n"}}
